<?xml version="1.0" encoding="UTF-8"?>
<testsuite name="Academia Choucair" tests="1" skipped="0" failures="0" errors="0" timestamp="2021-03-24T20:18:47" hostname="DESKJIALERO" time="41.315">
  <properties/>
  <testcase name="Buscar curso automatización" classname="Academia Choucair" time="41.315"/>
  <system-out><![CDATA[]]></system-out>
  <system-err><![CDATA[[Test worker] WARN net.thucydides.core.steps.BaseStepListener - stepStarted: net.thucydides.core.steps.ExecutedStepDescription@25c2c383
[Test worker] WARN net.thucydides.core.steps.BaseStepListener - stepStarted: net.thucydides.core.steps.ExecutedStepDescription@489c58be
[Test worker] WARN net.thucydides.core.steps.BaseStepListener - stepStarted: net.thucydides.core.steps.ExecutedStepDescription@65e1777e
mar 24, 2021 3:18:48 PM org.openqa.selenium.remote.DesiredCapabilities chrome
INFORMACIÓN: Using `new ChromeOptions()` is preferred to `DesiredCapabilities.chrome()`
[Test worker] INFO net.serenitybdd.core.webdriver.driverproviders.ProvideNewDriver - Instantiating driver
[Test worker] INFO net.serenitybdd.core.webdriver.driverproviders.ProvideNewDriver - Driver capabilities: Capabilities {acceptInsecureCerts: false, browserName: chrome, chrome.switches: --start-maximized, goog:chromeOptions: {args: [--start-maximized], extensions: []}, loggingPrefs: org.openqa.selenium.logging..., platform: ANY, version: }
Starting ChromeDriver 89.0.4389.23 (61b08ee2c50024bab004e48d2b1b083cdbdac579-refs/branch-heads/4389@{#294}) on port 44206
Only local connections are allowed.
Please see https://chromedriver.chromium.org/security-considerations for suggestions on keeping ChromeDriver safe.
ChromeDriver was started successfully.
mar 24, 2021 3:18:53 PM org.openqa.selenium.remote.ProtocolHandshake createSession
INFORMACIÓN: Detected dialect: W3C
[Test worker] WARN net.thucydides.core.steps.BaseStepListener - stepFinished: current outcome:Buscar curso automatización:Given que Antonio quiere aprender automatizacion en la academia Choucair
| strUsuario | strContrasenia |
| 1010040480 | Choucair2021* | [Antonio open up [Antonio opens the Choucair academy page]]
[Test worker] WARN net.thucydides.core.steps.BaseStepListener - stepFinished: current outcome:Buscar curso automatización:Given que Antonio quiere aprender automatizacion en la academia Choucair
| strUsuario | strContrasenia |
| 1010040480 | Choucair2021* | [Antonio open up [Antonio opens the Choucair academy page]]
[Test worker] WARN net.thucydides.core.steps.BaseStepListener - stepStarted: net.thucydides.core.steps.ExecutedStepDescription@260d24f3
[Test worker] WARN net.thucydides.core.steps.BaseStepListener - stepStarted: net.thucydides.core.steps.ExecutedStepDescription@56234bb0
[Test worker] WARN net.thucydides.core.steps.BaseStepListener - stepFinished: current outcome:Buscar curso automatización:Given que Antonio quiere aprender automatizacion en la academia Choucair
| strUsuario | strContrasenia |
| 1010040480 | Choucair2021* | [Antonio open up [Antonio opens the Choucair academy page], Antonio login [Antonio clicks on boton que nos muestra el formulario para iniciar sesion]]
[Test worker] WARN net.thucydides.core.steps.BaseStepListener - stepStarted: net.thucydides.core.steps.ExecutedStepDescription@60f0bd1a
[Test worker] WARN net.thucydides.core.steps.BaseStepListener - stepFinished: current outcome:Buscar curso automatización:Given que Antonio quiere aprender automatizacion en la academia Choucair
| strUsuario | strContrasenia |
| 1010040480 | Choucair2021* | [Antonio open up [Antonio opens the Choucair academy page], Antonio login [Antonio clicks on boton que nos muestra el formulario para iniciar sesion, Antonio enters '1010040480' into Donde escribimos el usuario]]
[Test worker] WARN net.thucydides.core.steps.BaseStepListener - stepStarted: net.thucydides.core.steps.ExecutedStepDescription@73cabcbb
[Test worker] WARN net.thucydides.core.steps.BaseStepListener - stepFinished: current outcome:Buscar curso automatización:Given que Antonio quiere aprender automatizacion en la academia Choucair
| strUsuario | strContrasenia |
| 1010040480 | Choucair2021* | [Antonio open up [Antonio opens the Choucair academy page], Antonio login [Antonio clicks on boton que nos muestra el formulario para iniciar sesion, Antonio enters '1010040480' into Donde escribimos el usuario, Antonio enters 'Choucair2021*' into Donde escribimos la contrasenia]]
[Test worker] WARN net.thucydides.core.steps.BaseStepListener - stepStarted: net.thucydides.core.steps.ExecutedStepDescription@3b70991f
[Test worker] WARN net.thucydides.core.steps.BaseStepListener - stepFinished: current outcome:Buscar curso automatización:Given que Antonio quiere aprender automatizacion en la academia Choucair
| strUsuario | strContrasenia |
| 1010040480 | Choucair2021* | [Antonio open up [Antonio opens the Choucair academy page], Antonio login [Antonio clicks on boton que nos muestra el formulario para iniciar sesion, Antonio enters '1010040480' into Donde escribimos el usuario, Antonio enters 'Choucair2021*' into Donde escribimos la contrasenia, Antonio clicks on boton que confirma el login y se autentica]]
[Test worker] WARN net.thucydides.core.steps.BaseStepListener - stepFinished: current outcome:Buscar curso automatización:Given que Antonio quiere aprender automatizacion en la academia Choucair
| strUsuario | strContrasenia |
| 1010040480 | Choucair2021* | [Antonio open up [Antonio opens the Choucair academy page], Antonio login [Antonio clicks on boton que nos muestra el formulario para iniciar sesion, Antonio enters '1010040480' into Donde escribimos el usuario, Antonio enters 'Choucair2021*' into Donde escribimos la contrasenia, Antonio clicks on boton que confirma el login y se autentica]]
[Test worker] WARN net.thucydides.core.steps.BaseStepListener - stepFinished: current outcome:Buscar curso automatización:Given que Antonio quiere aprender automatizacion en la academia Choucair
| strUsuario | strContrasenia |
| 1010040480 | Choucair2021* | [Antonio open up [Antonio opens the Choucair academy page], Antonio login [Antonio clicks on boton que nos muestra el formulario para iniciar sesion, Antonio enters '1010040480' into Donde escribimos el usuario, Antonio enters 'Choucair2021*' into Donde escribimos la contrasenia, Antonio clicks on boton que confirma el login y se autentica]]
[Test worker] WARN net.thucydides.core.steps.BaseStepListener - stepStarted: net.thucydides.core.steps.ExecutedStepDescription@5b3d99bf
[Test worker] WARN net.thucydides.core.steps.BaseStepListener - stepStarted: net.thucydides.core.steps.ExecutedStepDescription@6a9d9550
[Test worker] WARN net.thucydides.core.steps.BaseStepListener - stepStarted: net.thucydides.core.steps.ExecutedStepDescription@45fdae9
[Test worker] WARN net.thucydides.core.steps.BaseStepListener - stepFinished: current outcome:Buscar curso automatización:Given que Antonio quiere aprender automatizacion en la academia Choucair
| strUsuario | strContrasenia |
| 1010040480 | Choucair2021* | [Antonio open up [Antonio opens the Choucair academy page], Antonio login [Antonio clicks on boton que nos muestra el formulario para iniciar sesion, Antonio enters '1010040480' into Donde escribimos el usuario, Antonio enters 'Choucair2021*' into Donde escribimos la contrasenia, Antonio clicks on boton que confirma el login y se autentica]], When busca el curso en la plataforma de la academia Choucair
| strCurso |
| recursos automatizacion Bancolombia | [Antonio search [Antonio clicks on Dando clic envia a pantalla de cursos y certificaciones]]
[Test worker] WARN net.thucydides.core.steps.BaseStepListener - stepStarted: net.thucydides.core.steps.ExecutedStepDescription@3e96178e
[Test worker] WARN net.thucydides.core.steps.BaseStepListener - stepFinished: current outcome:Buscar curso automatización:Given que Antonio quiere aprender automatizacion en la academia Choucair
| strUsuario | strContrasenia |
| 1010040480 | Choucair2021* | [Antonio open up [Antonio opens the Choucair academy page], Antonio login [Antonio clicks on boton que nos muestra el formulario para iniciar sesion, Antonio enters '1010040480' into Donde escribimos el usuario, Antonio enters 'Choucair2021*' into Donde escribimos la contrasenia, Antonio clicks on boton que confirma el login y se autentica]], When busca el curso en la plataforma de la academia Choucair
| strCurso |
| recursos automatizacion Bancolombia | [Antonio search [Antonio clicks on Dando clic envia a pantalla de cursos y certificaciones, Antonio enters 'recursos automatizacion Bancolombia' into Donde escribimos el curso que se quiere buscar]]
[Test worker] WARN net.thucydides.core.steps.BaseStepListener - stepStarted: net.thucydides.core.steps.ExecutedStepDescription@34e425ec
[Test worker] WARN net.thucydides.core.steps.BaseStepListener - stepFinished: current outcome:Buscar curso automatización:Given que Antonio quiere aprender automatizacion en la academia Choucair
| strUsuario | strContrasenia |
| 1010040480 | Choucair2021* | [Antonio open up [Antonio opens the Choucair academy page], Antonio login [Antonio clicks on boton que nos muestra el formulario para iniciar sesion, Antonio enters '1010040480' into Donde escribimos el usuario, Antonio enters 'Choucair2021*' into Donde escribimos la contrasenia, Antonio clicks on boton que confirma el login y se autentica]], When busca el curso en la plataforma de la academia Choucair
| strCurso |
| recursos automatizacion Bancolombia | [Antonio search [Antonio clicks on Dando clic envia a pantalla de cursos y certificaciones, Antonio enters 'recursos automatizacion Bancolombia' into Donde escribimos el curso que se quiere buscar, Antonio clicks on Ir a buscar el curso]]
[Test worker] WARN net.thucydides.core.steps.BaseStepListener - stepStarted: net.thucydides.core.steps.ExecutedStepDescription@7a61399e
[Test worker] WARN net.thucydides.core.steps.BaseStepListener - stepFinished: current outcome:Buscar curso automatización:Given que Antonio quiere aprender automatizacion en la academia Choucair
| strUsuario | strContrasenia |
| 1010040480 | Choucair2021* | [Antonio open up [Antonio opens the Choucair academy page], Antonio login [Antonio clicks on boton que nos muestra el formulario para iniciar sesion, Antonio enters '1010040480' into Donde escribimos el usuario, Antonio enters 'Choucair2021*' into Donde escribimos la contrasenia, Antonio clicks on boton que confirma el login y se autentica]], When busca el curso en la plataforma de la academia Choucair
| strCurso |
| recursos automatizacion Bancolombia | [Antonio search [Antonio clicks on Dando clic envia a pantalla de cursos y certificaciones, Antonio enters 'recursos automatizacion Bancolombia' into Donde escribimos el curso que se quiere buscar, Antonio clicks on Ir a buscar el curso, Antonio clicks on Elegir Prueba tecnica - Analista Bancolombia]]
[Test worker] WARN net.thucydides.core.steps.BaseStepListener - stepFinished: current outcome:Buscar curso automatización:Given que Antonio quiere aprender automatizacion en la academia Choucair
| strUsuario | strContrasenia |
| 1010040480 | Choucair2021* | [Antonio open up [Antonio opens the Choucair academy page], Antonio login [Antonio clicks on boton que nos muestra el formulario para iniciar sesion, Antonio enters '1010040480' into Donde escribimos el usuario, Antonio enters 'Choucair2021*' into Donde escribimos la contrasenia, Antonio clicks on boton que confirma el login y se autentica]], When busca el curso en la plataforma de la academia Choucair
| strCurso |
| recursos automatizacion Bancolombia | [Antonio search [Antonio clicks on Dando clic envia a pantalla de cursos y certificaciones, Antonio enters 'recursos automatizacion Bancolombia' into Donde escribimos el curso que se quiere buscar, Antonio clicks on Ir a buscar el curso, Antonio clicks on Elegir Prueba tecnica - Analista Bancolombia]]
[Test worker] WARN net.thucydides.core.steps.BaseStepListener - stepFinished: current outcome:Buscar curso automatización:Given que Antonio quiere aprender automatizacion en la academia Choucair
| strUsuario | strContrasenia |
| 1010040480 | Choucair2021* | [Antonio open up [Antonio opens the Choucair academy page], Antonio login [Antonio clicks on boton que nos muestra el formulario para iniciar sesion, Antonio enters '1010040480' into Donde escribimos el usuario, Antonio enters 'Choucair2021*' into Donde escribimos la contrasenia, Antonio clicks on boton que confirma el login y se autentica]], When busca el curso en la plataforma de la academia Choucair
| strCurso |
| recursos automatizacion Bancolombia | [Antonio search [Antonio clicks on Dando clic envia a pantalla de cursos y certificaciones, Antonio enters 'recursos automatizacion Bancolombia' into Donde escribimos el curso que se quiere buscar, Antonio clicks on Ir a buscar el curso, Antonio clicks on Elegir Prueba tecnica - Analista Bancolombia]]
[Test worker] WARN net.thucydides.core.steps.BaseStepListener - stepStarted: net.thucydides.core.steps.ExecutedStepDescription@3a2171f
[Test worker] WARN net.thucydides.core.steps.BaseStepListener - stepStarted: net.thucydides.core.steps.ExecutedStepDescription@26ceb02b
[Test worker] WARN net.thucydides.core.steps.BaseStepListener - stepFinished: current outcome:Buscar curso automatización:Given que Antonio quiere aprender automatizacion en la academia Choucair
| strUsuario | strContrasenia |
| 1010040480 | Choucair2021* | [Antonio open up [Antonio opens the Choucair academy page], Antonio login [Antonio clicks on boton que nos muestra el formulario para iniciar sesion, Antonio enters '1010040480' into Donde escribimos el usuario, Antonio enters 'Choucair2021*' into Donde escribimos la contrasenia, Antonio clicks on boton que confirma el login y se autentica]], When busca el curso en la plataforma de la academia Choucair
| strCurso |
| recursos automatizacion Bancolombia | [Antonio search [Antonio clicks on Dando clic envia a pantalla de cursos y certificaciones, Antonio enters 'recursos automatizacion Bancolombia' into Donde escribimos el curso que se quiere buscar, Antonio clicks on Ir a buscar el curso, Antonio clicks on Elegir Prueba tecnica - Analista Bancolombia]], Then encuentra el curso denominado
| strCurso |
| Prueba Técnica - Analista Bancolombia | [Then answer]
[Test worker] WARN net.thucydides.core.steps.BaseStepListener - stepFinished: current outcome:Buscar curso automatización:Given que Antonio quiere aprender automatizacion en la academia Choucair
| strUsuario | strContrasenia |
| 1010040480 | Choucair2021* | [Antonio open up [Antonio opens the Choucair academy page], Antonio login [Antonio clicks on boton que nos muestra el formulario para iniciar sesion, Antonio enters '1010040480' into Donde escribimos el usuario, Antonio enters 'Choucair2021*' into Donde escribimos la contrasenia, Antonio clicks on boton que confirma el login y se autentica]], When busca el curso en la plataforma de la academia Choucair
| strCurso |
| recursos automatizacion Bancolombia | [Antonio search [Antonio clicks on Dando clic envia a pantalla de cursos y certificaciones, Antonio enters 'recursos automatizacion Bancolombia' into Donde escribimos el curso que se quiere buscar, Antonio clicks on Ir a buscar el curso, Antonio clicks on Elegir Prueba tecnica - Analista Bancolombia]], Then encuentra el curso denominado
| strCurso |
| Prueba Técnica - Analista Bancolombia | [Then answer]
[Test worker] WARN net.thucydides.core.steps.BaseStepListener - testFinished: Buscar curso automatización:Given que Antonio quiere aprender automatizacion en la academia Choucair
| strUsuario | strContrasenia |
| 1010040480 | Choucair2021* | [Antonio open up [Antonio opens the Choucair academy page], Antonio login [Antonio clicks on boton que nos muestra el formulario para iniciar sesion, Antonio enters '1010040480' into Donde escribimos el usuario, Antonio enters 'Choucair2021*' into Donde escribimos la contrasenia, Antonio clicks on boton que confirma el login y se autentica]], When busca el curso en la plataforma de la academia Choucair
| strCurso |
| recursos automatizacion Bancolombia | [Antonio search [Antonio clicks on Dando clic envia a pantalla de cursos y certificaciones, Antonio enters 'recursos automatizacion Bancolombia' into Donde escribimos el curso que se quiere buscar, Antonio clicks on Ir a buscar el curso, Antonio clicks on Elegir Prueba tecnica - Analista Bancolombia]], Then encuentra el curso denominado
| strCurso |
| Prueba Técnica - Analista Bancolombia | [Then answer]
[Test worker] WARN net.thucydides.core.steps.BaseStepListener - TestOutcomes: [Buscar curso automatización:Given que Antonio quiere aprender automatizacion en la academia Choucair
| strUsuario | strContrasenia |
| 1010040480 | Choucair2021* | [Antonio open up [Antonio opens the Choucair academy page], Antonio login [Antonio clicks on boton que nos muestra el formulario para iniciar sesion, Antonio enters '1010040480' into Donde escribimos el usuario, Antonio enters 'Choucair2021*' into Donde escribimos la contrasenia, Antonio clicks on boton que confirma el login y se autentica]], When busca el curso en la plataforma de la academia Choucair
| strCurso |
| recursos automatizacion Bancolombia | [Antonio search [Antonio clicks on Dando clic envia a pantalla de cursos y certificaciones, Antonio enters 'recursos automatizacion Bancolombia' into Donde escribimos el curso que se quiere buscar, Antonio clicks on Ir a buscar el curso, Antonio clicks on Elegir Prueba tecnica - Analista Bancolombia]], Then encuentra el curso denominado
| strCurso |
| Prueba Técnica - Analista Bancolombia | [Then answer]]
[Test worker] WARN net.thucydides.core.steps.BaseStepListener - Final testOutcomes: [Buscar curso automatización:Given que Antonio quiere aprender automatizacion en la academia Choucair
| strUsuario | strContrasenia |
| 1010040480 | Choucair2021* | [Antonio open up [Antonio opens the Choucair academy page], Antonio login [Antonio clicks on boton que nos muestra el formulario para iniciar sesion, Antonio enters '1010040480' into Donde escribimos el usuario, Antonio enters 'Choucair2021*' into Donde escribimos la contrasenia, Antonio clicks on boton que confirma el login y se autentica]], When busca el curso en la plataforma de la academia Choucair
| strCurso |
| recursos automatizacion Bancolombia | [Antonio search [Antonio clicks on Dando clic envia a pantalla de cursos y certificaciones, Antonio enters 'recursos automatizacion Bancolombia' into Donde escribimos el curso que se quiere buscar, Antonio clicks on Ir a buscar el curso, Antonio clicks on Elegir Prueba tecnica - Analista Bancolombia]], Then encuentra el curso denominado
| strCurso |
| Prueba Técnica - Analista Bancolombia | [Then answer]]
[Test worker] INFO net.thucydides.core.steps.ConsoleLoggingListener - 
        __    _____ _____ ____ _____   ____   _    ____  ____  _____ ____  
  _     \ \  |_   _| ____/ ___|_   _| |  _ \ / \  / ___|/ ___|| ____|  _ \ 
 (_)_____| |   | | |  _| \___ \ | |   | |_) / _ \ \___ \\___ \|  _| | | | |
  _|_____| |   | | | |___ ___) || |   |  __/ ___ \ ___) |___) | |___| |_| |
 (_)     | |   |_| |_____|____/ |_|   |_| /_/   \_\____/|____/|_____|____/ 
        /_/                                                                

TEST PASSED: Buscar curso automatización
----------------------------------------------------------------------------
]]></system-err>
</testsuite>
